{"C:\\Windows\\WinRg\\web\\smart-css\\src\\core\\SmartCSS.js":{"path":"C:\\Windows\\WinRg\\web\\smart-css\\src\\core\\SmartCSS.js","s":{"1":1,"2":1,"3":1,"4":1,"5":8,"6":8,"7":8,"8":1,"9":1,"10":0,"11":1,"12":0,"13":1,"14":0,"15":1,"16":8,"17":1,"18":0,"19":1,"20":9,"21":9,"22":9,"23":9,"24":0,"25":9,"26":9,"27":1,"28":10,"29":10,"30":10,"31":10,"32":10,"33":0,"34":10,"35":1,"36":9,"37":1,"38":0,"39":0,"40":1,"41":8,"42":10,"43":8,"44":10,"45":1,"46":1,"47":1,"48":1,"49":0,"50":1,"51":0,"52":1,"53":1,"54":1,"55":9,"56":9,"57":1,"58":9,"59":1,"60":1,"61":1,"62":9,"63":1,"64":9,"65":0,"66":9,"67":1,"68":8,"69":8,"70":8,"71":8,"72":8,"73":7,"74":1,"75":8,"76":0,"77":8,"78":0,"79":8,"80":8,"81":8,"82":1,"83":8,"84":0,"85":0,"86":8,"87":0,"88":0,"89":0,"90":0,"91":0,"92":0,"93":0,"94":0,"95":8,"96":8,"97":8,"98":7,"99":7,"100":7,"101":7,"102":8,"103":8,"104":1},"b":{"1":[0,9],"2":[0,10],"3":[1,9],"4":[1,8],"5":[0,1],"6":[8,2],"7":[0,1],"8":[0,1],"9":[1,1],"10":[1,8],"11":[0,9],"12":[8,0],"13":[7,1],"14":[0,8],"15":[0,8],"16":[0,0],"17":[0,0],"18":[8,8],"19":[8,0],"20":[7,1],"21":[7,0]},"f":{"1":8,"2":0,"3":0,"4":0,"5":8,"6":0,"7":9,"8":10,"9":1,"10":9,"11":9,"12":9,"13":8,"14":8,"15":0,"16":0,"17":0,"18":8},"fnMap":{"1":{"name":"(anonymous_1)","line":20,"loc":{"start":{"line":20,"column":15},"end":{"line":20,"column":32}}},"2":{"name":"(anonymous_2)","line":53,"loc":{"start":{"line":53,"column":29},"end":{"line":53,"column":46}}},"3":{"name":"(anonymous_3)","line":63,"loc":{"start":{"line":63,"column":29},"end":{"line":63,"column":39}}},"4":{"name":"(anonymous_4)","line":72,"loc":{"start":{"line":72,"column":24},"end":{"line":72,"column":34}}},"5":{"name":"(anonymous_5)","line":78,"loc":{"start":{"line":78,"column":24},"end":{"line":78,"column":34}}},"6":{"name":"(anonymous_6)","line":87,"loc":{"start":{"line":87,"column":27},"end":{"line":87,"column":37}}},"7":{"name":"(anonymous_7)","line":91,"loc":{"start":{"line":91,"column":27},"end":{"line":91,"column":37}}},"8":{"name":"rulesToString","line":106,"loc":{"start":{"line":106,"column":20},"end":{"line":106,"column":64}}},"9":{"name":"_rulesToStringHeadless","line":137,"loc":{"start":{"line":137,"column":0},"end":{"line":137,"column":42}}},"10":{"name":"ruleToString","line":152,"loc":{"start":{"line":152,"column":0},"end":{"line":152,"column":39}}},"11":{"name":"hyphenateProp","line":159,"loc":{"start":{"line":159,"column":0},"end":{"line":159,"column":31}}},"12":{"name":"escapeValueForProp","line":168,"loc":{"start":{"line":168,"column":0},"end":{"line":168,"column":41}}},"13":{"name":"(anonymous_13)","line":178,"loc":{"start":{"line":178,"column":25},"end":{"line":178,"column":52}}},"14":{"name":"(anonymous_14)","line":222,"loc":{"start":{"line":222,"column":14},"end":{"line":222,"column":33}}},"15":{"name":"(anonymous_15)","line":247,"loc":{"start":{"line":247,"column":16},"end":{"line":247,"column":45}}},"16":{"name":"(anonymous_16)","line":249,"loc":{"start":{"line":249,"column":30},"end":{"line":249,"column":58}}},"17":{"name":"(anonymous_17)","line":268,"loc":{"start":{"line":268,"column":21},"end":{"line":268,"column":31}}},"18":{"name":"(anonymous_18)","line":283,"loc":{"start":{"line":283,"column":14},"end":{"line":283,"column":47}}}},"statementMap":{"1":{"start":{"line":1,"column":0},"end":{"line":1,"column":44}},"2":{"start":{"line":2,"column":0},"end":{"line":2,"column":48}},"3":{"start":{"line":3,"column":0},"end":{"line":3,"column":57}},"4":{"start":{"line":20,"column":0},"end":{"line":39,"column":0}},"5":{"start":{"line":21,"column":4},"end":{"line":23,"column":44}},"6":{"start":{"line":25,"column":4},"end":{"line":25,"column":53}},"7":{"start":{"line":33,"column":4},"end":{"line":33,"column":24}},"8":{"start":{"line":39,"column":0},"end":{"line":42,"column":2}},"9":{"start":{"line":53,"column":0},"end":{"line":63,"column":0}},"10":{"start":{"line":54,"column":4},"end":{"line":54,"column":40}},"11":{"start":{"line":63,"column":0},"end":{"line":72,"column":0}},"12":{"start":{"line":64,"column":4},"end":{"line":64,"column":37}},"13":{"start":{"line":72,"column":0},"end":{"line":78,"column":0}},"14":{"start":{"line":73,"column":4},"end":{"line":73,"column":21}},"15":{"start":{"line":78,"column":0},"end":{"line":87,"column":0}},"16":{"start":{"line":79,"column":4},"end":{"line":79,"column":32}},"17":{"start":{"line":87,"column":0},"end":{"line":91,"column":0}},"18":{"start":{"line":88,"column":4},"end":{"line":88,"column":34}},"19":{"start":{"line":91,"column":0},"end":{"line":106,"column":0}},"20":{"start":{"line":92,"column":4},"end":{"line":92,"column":42}},"21":{"start":{"line":93,"column":4},"end":{"line":93,"column":17}},"22":{"start":{"line":94,"column":4},"end":{"line":102,"column":5}},"23":{"start":{"line":95,"column":8},"end":{"line":97,"column":9}},"24":{"start":{"line":96,"column":12},"end":{"line":96,"column":21}},"25":{"start":{"line":98,"column":8},"end":{"line":101,"column":10}},"26":{"start":{"line":103,"column":4},"end":{"line":103,"column":15}},"27":{"start":{"line":106,"column":0},"end":{"line":137,"column":0}},"28":{"start":{"line":107,"column":4},"end":{"line":107,"column":32}},"29":{"start":{"line":108,"column":4},"end":{"line":108,"column":32}},"30":{"start":{"line":109,"column":4},"end":{"line":109,"column":26}},"31":{"start":{"line":111,"column":4},"end":{"line":128,"column":5}},"32":{"start":{"line":112,"column":8},"end":{"line":114,"column":9}},"33":{"start":{"line":113,"column":12},"end":{"line":113,"column":21}},"34":{"start":{"line":116,"column":8},"end":{"line":127,"column":9}},"35":{"start":{"line":117,"column":12},"end":{"line":118,"column":60}},"36":{"start":{"line":119,"column":15},"end":{"line":127,"column":9}},"37":{"start":{"line":120,"column":12},"end":{"line":123,"column":13}},"38":{"start":{"line":121,"column":16},"end":{"line":121,"column":67}},"39":{"start":{"line":122,"column":16},"end":{"line":122,"column":25}},"40":{"start":{"line":124,"column":12},"end":{"line":124,"column":86}},"41":{"start":{"line":126,"column":12},"end":{"line":126,"column":55}},"42":{"start":{"line":130,"column":4},"end":{"line":132,"column":5}},"43":{"start":{"line":131,"column":8},"end":{"line":131,"column":54}},"44":{"start":{"line":134,"column":4},"end":{"line":134,"column":43}},"45":{"start":{"line":137,"column":0},"end":{"line":151,"column":1}},"46":{"start":{"line":138,"column":4},"end":{"line":138,"column":20}},"47":{"start":{"line":140,"column":4},"end":{"line":149,"column":5}},"48":{"start":{"line":141,"column":8},"end":{"line":143,"column":9}},"49":{"start":{"line":142,"column":12},"end":{"line":142,"column":21}},"50":{"start":{"line":145,"column":8},"end":{"line":147,"column":9}},"51":{"start":{"line":146,"column":12},"end":{"line":146,"column":21}},"52":{"start":{"line":148,"column":8},"end":{"line":148,"column":51}},"53":{"start":{"line":150,"column":4},"end":{"line":150,"column":18}},"54":{"start":{"line":152,"column":0},"end":{"line":156,"column":1}},"55":{"start":{"line":153,"column":4},"end":{"line":153,"column":46}},"56":{"start":{"line":154,"column":4},"end":{"line":154,"column":63}},"57":{"start":{"line":154,"column":35},"end":{"line":154,"column":63}},"58":{"start":{"line":155,"column":4},"end":{"line":155,"column":76}},"59":{"start":{"line":157,"column":0},"end":{"line":157,"column":35}},"60":{"start":{"line":158,"column":0},"end":{"line":158,"column":23}},"61":{"start":{"line":159,"column":0},"end":{"line":167,"column":1}},"62":{"start":{"line":164,"column":4},"end":{"line":166,"column":36}},"63":{"start":{"line":168,"column":0},"end":{"line":175,"column":1}},"64":{"start":{"line":170,"column":4},"end":{"line":172,"column":5}},"65":{"start":{"line":171,"column":8},"end":{"line":171,"column":33}},"66":{"start":{"line":174,"column":4},"end":{"line":174,"column":25}},"67":{"start":{"line":178,"column":0},"end":{"line":213,"column":0}},"68":{"start":{"line":179,"column":4},"end":{"line":183,"column":16}},"69":{"start":{"line":184,"column":4},"end":{"line":184,"column":16}},"70":{"start":{"line":185,"column":4},"end":{"line":200,"column":5}},"71":{"start":{"line":186,"column":8},"end":{"line":186,"column":37}},"72":{"start":{"line":188,"column":8},"end":{"line":193,"column":9}},"73":{"start":{"line":189,"column":12},"end":{"line":189,"column":47}},"74":{"start":{"line":192,"column":12},"end":{"line":192,"column":36}},"75":{"start":{"line":194,"column":8},"end":{"line":196,"column":9}},"76":{"start":{"line":195,"column":12},"end":{"line":195,"column":48}},"77":{"start":{"line":197,"column":8},"end":{"line":197,"column":29}},"78":{"start":{"line":199,"column":8},"end":{"line":199,"column":34}},"79":{"start":{"line":201,"column":4},"end":{"line":205,"column":4}},"80":{"start":{"line":205,"column":4},"end":{"line":205,"column":47}},"81":{"start":{"line":206,"column":4},"end":{"line":206,"column":20}},"82":{"start":{"line":213,"column":0},"end":{"line":305,"column":0}},"83":{"start":{"line":224,"column":8},"end":{"line":227,"column":9}},"84":{"start":{"line":225,"column":12},"end":{"line":225,"column":63}},"85":{"start":{"line":226,"column":12},"end":{"line":226,"column":22}},"86":{"start":{"line":228,"column":8},"end":{"line":228,"column":51}},"87":{"start":{"line":248,"column":8},"end":{"line":248,"column":32}},"88":{"start":{"line":249,"column":8},"end":{"line":254,"column":8}},"89":{"start":{"line":250,"column":12},"end":{"line":252,"column":13}},"90":{"start":{"line":251,"column":16},"end":{"line":251,"column":62}},"91":{"start":{"line":254,"column":8},"end":{"line":258,"column":9}},"92":{"start":{"line":255,"column":12},"end":{"line":255,"column":34}},"93":{"start":{"line":257,"column":12},"end":{"line":257,"column":44}},"94":{"start":{"line":269,"column":8},"end":{"line":269,"column":39}},"95":{"start":{"line":284,"column":8},"end":{"line":284,"column":32}},"96":{"start":{"line":285,"column":8},"end":{"line":293,"column":9}},"97":{"start":{"line":286,"column":12},"end":{"line":292,"column":13}},"98":{"start":{"line":287,"column":16},"end":{"line":287,"column":48}},"99":{"start":{"line":288,"column":16},"end":{"line":290,"column":17}},"100":{"start":{"line":289,"column":20},"end":{"line":289,"column":40}},"101":{"start":{"line":291,"column":16},"end":{"line":291,"column":60}},"102":{"start":{"line":294,"column":8},"end":{"line":294,"column":73}},"103":{"start":{"line":295,"column":8},"end":{"line":295,"column":41}},"104":{"start":{"line":305,"column":0},"end":{"line":305,"column":26}}},"branchMap":{"1":{"line":95,"type":"if","locations":[{"start":{"line":95,"column":8},"end":{"line":95,"column":8}},{"start":{"line":95,"column":8},"end":{"line":95,"column":8}}]},"2":{"line":112,"type":"if","locations":[{"start":{"line":112,"column":8},"end":{"line":112,"column":8}},{"start":{"line":112,"column":8},"end":{"line":112,"column":8}}]},"3":{"line":116,"type":"if","locations":[{"start":{"line":116,"column":8},"end":{"line":116,"column":8}},{"start":{"line":116,"column":8},"end":{"line":116,"column":8}}]},"4":{"line":119,"type":"if","locations":[{"start":{"line":119,"column":15},"end":{"line":119,"column":15}},{"start":{"line":119,"column":15},"end":{"line":119,"column":15}}]},"5":{"line":120,"type":"if","locations":[{"start":{"line":120,"column":12},"end":{"line":120,"column":12}},{"start":{"line":120,"column":12},"end":{"line":120,"column":12}}]},"6":{"line":130,"type":"if","locations":[{"start":{"line":130,"column":4},"end":{"line":130,"column":4}},{"start":{"line":130,"column":4},"end":{"line":130,"column":4}}]},"7":{"line":141,"type":"if","locations":[{"start":{"line":141,"column":8},"end":{"line":141,"column":8}},{"start":{"line":141,"column":8},"end":{"line":141,"column":8}}]},"8":{"line":145,"type":"if","locations":[{"start":{"line":145,"column":8},"end":{"line":145,"column":8}},{"start":{"line":145,"column":8},"end":{"line":145,"column":8}}]},"9":{"line":145,"type":"binary-expr","locations":[{"start":{"line":145,"column":12},"end":{"line":145,"column":26}},{"start":{"line":145,"column":30},"end":{"line":145,"column":62}}]},"10":{"line":154,"type":"if","locations":[{"start":{"line":154,"column":4},"end":{"line":154,"column":4}},{"start":{"line":154,"column":4},"end":{"line":154,"column":4}}]},"11":{"line":170,"type":"if","locations":[{"start":{"line":170,"column":4},"end":{"line":170,"column":4}},{"start":{"line":170,"column":4},"end":{"line":170,"column":4}}]},"12":{"line":185,"type":"if","locations":[{"start":{"line":185,"column":4},"end":{"line":185,"column":4}},{"start":{"line":185,"column":4},"end":{"line":185,"column":4}}]},"13":{"line":188,"type":"if","locations":[{"start":{"line":188,"column":8},"end":{"line":188,"column":8}},{"start":{"line":188,"column":8},"end":{"line":188,"column":8}}]},"14":{"line":194,"type":"if","locations":[{"start":{"line":194,"column":8},"end":{"line":194,"column":8}},{"start":{"line":194,"column":8},"end":{"line":194,"column":8}}]},"15":{"line":224,"type":"if","locations":[{"start":{"line":224,"column":8},"end":{"line":224,"column":8}},{"start":{"line":224,"column":8},"end":{"line":224,"column":8}}]},"16":{"line":250,"type":"if","locations":[{"start":{"line":250,"column":12},"end":{"line":250,"column":12}},{"start":{"line":250,"column":12},"end":{"line":250,"column":12}}]},"17":{"line":254,"type":"if","locations":[{"start":{"line":254,"column":8},"end":{"line":254,"column":8}},{"start":{"line":254,"column":8},"end":{"line":254,"column":8}}]},"18":{"line":284,"type":"binary-expr","locations":[{"start":{"line":284,"column":18},"end":{"line":284,"column":25}},{"start":{"line":284,"column":29},"end":{"line":284,"column":31}}]},"19":{"line":285,"type":"if","locations":[{"start":{"line":285,"column":8},"end":{"line":285,"column":8}},{"start":{"line":285,"column":8},"end":{"line":285,"column":8}}]},"20":{"line":286,"type":"if","locations":[{"start":{"line":286,"column":12},"end":{"line":286,"column":12}},{"start":{"line":286,"column":12},"end":{"line":286,"column":12}}]},"21":{"line":288,"type":"if","locations":[{"start":{"line":288,"column":16},"end":{"line":288,"column":16}},{"start":{"line":288,"column":16},"end":{"line":288,"column":16}}]}}}}