{"C:\\Windows\\WinRg\\web\\smart-css\\src\\core\\SmartCSS.js":{"path":"C:\\Windows\\WinRg\\web\\smart-css\\src\\core\\SmartCSS.js","s":{"1":1,"2":1,"3":1,"4":1,"5":1,"6":1,"7":1,"8":1,"9":22,"10":22,"11":22,"12":22,"13":22,"14":1,"15":1,"16":22,"17":1,"18":24,"19":1,"20":0,"21":0,"22":0,"23":1,"24":22,"25":22,"26":1,"27":17,"28":17,"29":17,"30":17,"31":19,"32":17,"33":1,"34":19,"35":19,"36":19,"37":21,"38":19,"39":19,"40":19,"41":19,"42":1,"43":19,"44":1,"45":19,"46":19,"47":20,"48":19,"49":20,"50":1,"51":20,"52":20,"53":5,"54":4,"55":5,"56":1,"57":5,"58":5,"59":1,"60":19,"61":1,"62":21,"63":21,"64":1,"65":21,"66":1,"67":1,"68":1,"69":21,"70":1,"71":21,"72":1,"73":31,"74":1,"75":1,"76":30,"77":19,"78":17,"79":3,"80":3,"81":7,"82":6,"83":3,"84":1,"85":2,"86":28,"87":28,"88":26,"89":26,"90":27,"91":27,"92":25,"93":2,"94":1,"95":25,"96":25,"97":25,"98":25,"99":25,"100":25,"101":24,"102":24,"103":1,"104":23,"105":22,"106":1,"107":24,"108":25,"109":1,"110":24,"111":24,"112":24,"113":24,"114":24,"115":1,"116":25,"117":1,"118":24,"119":1,"120":24,"121":1,"122":28,"123":1,"124":27,"125":29,"126":1,"127":1},"b":{"1":[1,18],"2":[1,19],"3":[4,1],"4":[1,4],"5":[1,4],"6":[1,20],"7":[1,30],"8":[6,1],"9":[1,2],"10":[25,2],"11":[1,1],"12":[24,1],"13":[1,23],"14":[22,1],"15":[1,24],"16":[1,24],"17":[24,0],"18":[1,27],"19":[1,28]},"f":{"1":22,"2":22,"3":24,"4":0,"5":22,"6":17,"7":17,"8":19,"9":19,"10":19,"11":20,"12":20,"13":5,"14":21,"15":21,"16":21,"17":31,"18":19,"19":17,"20":3,"21":7,"22":28,"23":27,"24":25,"25":24,"26":28,"27":29},"fnMap":{"1":{"name":"(anonymous_1)","line":32,"loc":{"start":{"line":32,"column":15},"end":{"line":32,"column":32}}},"2":{"name":"(anonymous_2)","line":63,"loc":{"start":{"line":63,"column":27},"end":{"line":63,"column":44}}},"3":{"name":"(anonymous_3)","line":72,"loc":{"start":{"line":72,"column":23},"end":{"line":72,"column":33}}},"4":{"name":"(anonymous_4)","line":81,"loc":{"start":{"line":81,"column":24},"end":{"line":81,"column":34}}},"5":{"name":"(anonymous_5)","line":89,"loc":{"start":{"line":89,"column":24},"end":{"line":89,"column":34}}},"6":{"name":"(anonymous_6)","line":100,"loc":{"start":{"line":100,"column":29},"end":{"line":100,"column":39}}},"7":{"name":"(anonymous_7)","line":103,"loc":{"start":{"line":103,"column":21},"end":{"line":103,"column":38}}},"8":{"name":"(anonymous_8)","line":104,"loc":{"start":{"line":104,"column":42},"end":{"line":104,"column":62}}},"9":{"name":"(anonymous_9)","line":111,"loc":{"start":{"line":111,"column":23},"end":{"line":111,"column":43}}},"10":{"name":"(anonymous_10)","line":133,"loc":{"start":{"line":133,"column":27},"end":{"line":133,"column":61}}},"11":{"name":"(anonymous_11)","line":135,"loc":{"start":{"line":135,"column":23},"end":{"line":135,"column":40}}},"12":{"name":"(anonymous_12)","line":139,"loc":{"start":{"line":139,"column":30},"end":{"line":139,"column":50}}},"13":{"name":"(anonymous_13)","line":142,"loc":{"start":{"line":142,"column":35},"end":{"line":142,"column":51}}},"14":{"name":"(anonymous_14)","line":156,"loc":{"start":{"line":156,"column":19},"end":{"line":156,"column":44}}},"15":{"name":"(anonymous_15)","line":166,"loc":{"start":{"line":166,"column":20},"end":{"line":166,"column":36}}},"16":{"name":"(anonymous_16)","line":178,"loc":{"start":{"line":178,"column":25},"end":{"line":178,"column":46}}},"17":{"name":"(anonymous_17)","line":209,"loc":{"start":{"line":209,"column":14},"end":{"line":209,"column":31}}},"18":{"name":"(anonymous_18)","line":220,"loc":{"start":{"line":220,"column":21},"end":{"line":220,"column":31}}},"19":{"name":"(anonymous_19)","line":227,"loc":{"start":{"line":227,"column":21},"end":{"line":227,"column":31}}},"20":{"name":"(anonymous_20)","line":247,"loc":{"start":{"line":247,"column":16},"end":{"line":247,"column":45}}},"21":{"name":"(anonymous_21)","line":249,"loc":{"start":{"line":249,"column":30},"end":{"line":249,"column":58}}},"22":{"name":"(anonymous_22)","line":272,"loc":{"start":{"line":272,"column":14},"end":{"line":272,"column":51}}},"23":{"name":"(anonymous_23)","line":278,"loc":{"start":{"line":278,"column":34},"end":{"line":278,"column":54}}},"24":{"name":"(anonymous_24)","line":338,"loc":{"start":{"line":338,"column":23},"end":{"line":338,"column":42}}},"25":{"name":"(anonymous_25)","line":347,"loc":{"start":{"line":347,"column":15},"end":{"line":347,"column":26}}},"26":{"name":"(anonymous_26)","line":353,"loc":{"start":{"line":353,"column":29},"end":{"line":353,"column":53}}},"27":{"name":"(anonymous_27)","line":359,"loc":{"start":{"line":359,"column":33},"end":{"line":359,"column":50}}}},"statementMap":{"1":{"start":{"line":1,"column":0},"end":{"line":1,"column":44}},"2":{"start":{"line":2,"column":0},"end":{"line":2,"column":48}},"3":{"start":{"line":3,"column":0},"end":{"line":3,"column":57}},"4":{"start":{"line":4,"column":0},"end":{"line":4,"column":49}},"5":{"start":{"line":5,"column":0},"end":{"line":5,"column":50}},"6":{"start":{"line":6,"column":0},"end":{"line":6,"column":43}},"7":{"start":{"line":7,"column":0},"end":{"line":7,"column":42}},"8":{"start":{"line":32,"column":0},"end":{"line":54,"column":0}},"9":{"start":{"line":33,"column":4},"end":{"line":35,"column":44}},"10":{"start":{"line":37,"column":4},"end":{"line":37,"column":49}},"11":{"start":{"line":45,"column":4},"end":{"line":45,"column":29}},"12":{"start":{"line":47,"column":4},"end":{"line":47,"column":29}},"13":{"start":{"line":48,"column":4},"end":{"line":48,"column":35}},"14":{"start":{"line":54,"column":0},"end":{"line":58,"column":2}},"15":{"start":{"line":63,"column":0},"end":{"line":72,"column":0}},"16":{"start":{"line":64,"column":4},"end":{"line":64,"column":43}},"17":{"start":{"line":72,"column":0},"end":{"line":81,"column":0}},"18":{"start":{"line":73,"column":4},"end":{"line":73,"column":35}},"19":{"start":{"line":81,"column":0},"end":{"line":89,"column":0}},"20":{"start":{"line":82,"column":4},"end":{"line":82,"column":46}},"21":{"start":{"line":83,"column":4},"end":{"line":83,"column":49}},"22":{"start":{"line":84,"column":4},"end":{"line":84,"column":62}},"23":{"start":{"line":89,"column":0},"end":{"line":100,"column":0}},"24":{"start":{"line":90,"column":4},"end":{"line":90,"column":32}},"25":{"start":{"line":91,"column":4},"end":{"line":91,"column":34}},"26":{"start":{"line":100,"column":0},"end":{"line":111,"column":0}},"27":{"start":{"line":101,"column":4},"end":{"line":101,"column":44}},"28":{"start":{"line":102,"column":4},"end":{"line":102,"column":17}},"29":{"start":{"line":103,"column":4},"end":{"line":108,"column":4}},"30":{"start":{"line":104,"column":8},"end":{"line":107,"column":4}},"31":{"start":{"line":105,"column":12},"end":{"line":105,"column":48}},"32":{"start":{"line":108,"column":4},"end":{"line":108,"column":15}},"33":{"start":{"line":111,"column":0},"end":{"line":133,"column":0}},"34":{"start":{"line":112,"column":4},"end":{"line":112,"column":44}},"35":{"start":{"line":113,"column":4},"end":{"line":113,"column":23}},"36":{"start":{"line":114,"column":4},"end":{"line":116,"column":5}},"37":{"start":{"line":115,"column":8},"end":{"line":115,"column":54}},"38":{"start":{"line":117,"column":4},"end":{"line":117,"column":119}},"39":{"start":{"line":118,"column":4},"end":{"line":118,"column":56}},"40":{"start":{"line":119,"column":4},"end":{"line":119,"column":38}},"41":{"start":{"line":120,"column":4},"end":{"line":122,"column":5}},"42":{"start":{"line":121,"column":8},"end":{"line":122,"column":4}},"43":{"start":{"line":123,"column":4},"end":{"line":123,"column":21}},"44":{"start":{"line":133,"column":0},"end":{"line":156,"column":0}},"45":{"start":{"line":134,"column":4},"end":{"line":134,"column":17}},"46":{"start":{"line":135,"column":4},"end":{"line":139,"column":4}},"47":{"start":{"line":136,"column":8},"end":{"line":136,"column":33}},"48":{"start":{"line":139,"column":4},"end":{"line":151,"column":4}},"49":{"start":{"line":140,"column":8},"end":{"line":140,"column":49}},"50":{"start":{"line":140,"column":20},"end":{"line":140,"column":49}},"51":{"start":{"line":141,"column":8},"end":{"line":141,"column":59}},"52":{"start":{"line":142,"column":8},"end":{"line":150,"column":4}},"53":{"start":{"line":143,"column":12},"end":{"line":144,"column":12}},"54":{"start":{"line":143,"column":42},"end":{"line":144,"column":12}},"55":{"start":{"line":144,"column":12},"end":{"line":145,"column":12}},"56":{"start":{"line":144,"column":42},"end":{"line":145,"column":12}},"57":{"start":{"line":145,"column":12},"end":{"line":145,"column":34}},"58":{"start":{"line":146,"column":12},"end":{"line":148,"column":13}},"59":{"start":{"line":147,"column":16},"end":{"line":147,"column":51}},"60":{"start":{"line":151,"column":4},"end":{"line":151,"column":24}},"61":{"start":{"line":156,"column":0},"end":{"line":164,"column":0}},"62":{"start":{"line":157,"column":4},"end":{"line":157,"column":46}},"63":{"start":{"line":158,"column":4},"end":{"line":158,"column":63}},"64":{"start":{"line":158,"column":35},"end":{"line":158,"column":63}},"65":{"start":{"line":159,"column":4},"end":{"line":159,"column":76}},"66":{"start":{"line":164,"column":0},"end":{"line":164,"column":35}},"67":{"start":{"line":165,"column":0},"end":{"line":165,"column":23}},"68":{"start":{"line":166,"column":0},"end":{"line":178,"column":0}},"69":{"start":{"line":171,"column":4},"end":{"line":173,"column":36}},"70":{"start":{"line":178,"column":0},"end":{"line":188,"column":0}},"71":{"start":{"line":179,"column":4},"end":{"line":179,"column":17}},"72":{"start":{"line":188,"column":0},"end":{"line":338,"column":0}},"73":{"start":{"line":211,"column":8},"end":{"line":214,"column":9}},"74":{"start":{"line":212,"column":12},"end":{"line":212,"column":61}},"75":{"start":{"line":213,"column":12},"end":{"line":213,"column":22}},"76":{"start":{"line":215,"column":8},"end":{"line":215,"column":44}},"77":{"start":{"line":222,"column":8},"end":{"line":222,"column":35}},"78":{"start":{"line":228,"column":8},"end":{"line":228,"column":45}},"79":{"start":{"line":248,"column":8},"end":{"line":248,"column":32}},"80":{"start":{"line":249,"column":8},"end":{"line":254,"column":8}},"81":{"start":{"line":250,"column":12},"end":{"line":252,"column":13}},"82":{"start":{"line":251,"column":16},"end":{"line":251,"column":62}},"83":{"start":{"line":254,"column":8},"end":{"line":258,"column":9}},"84":{"start":{"line":255,"column":12},"end":{"line":255,"column":34}},"85":{"start":{"line":257,"column":12},"end":{"line":257,"column":44}},"86":{"start":{"line":273,"column":8},"end":{"line":273,"column":51}},"87":{"start":{"line":274,"column":8},"end":{"line":274,"column":47}},"88":{"start":{"line":275,"column":8},"end":{"line":275,"column":43}},"89":{"start":{"line":278,"column":8},"end":{"line":287,"column":8}},"90":{"start":{"line":281,"column":12},"end":{"line":281,"column":55}},"91":{"start":{"line":282,"column":12},"end":{"line":282,"column":28}},"92":{"start":{"line":282,"column":21},"end":{"line":282,"column":28}},"93":{"start":{"line":283,"column":12},"end":{"line":285,"column":13}},"94":{"start":{"line":284,"column":16},"end":{"line":285,"column":12}},"95":{"start":{"line":287,"column":8},"end":{"line":287,"column":58}},"96":{"start":{"line":288,"column":8},"end":{"line":288,"column":42}},"97":{"start":{"line":289,"column":8},"end":{"line":289,"column":23}},"98":{"start":{"line":290,"column":8},"end":{"line":290,"column":34}},"99":{"start":{"line":292,"column":8},"end":{"line":299,"column":8}},"100":{"start":{"line":299,"column":8},"end":{"line":313,"column":9}},"101":{"start":{"line":300,"column":12},"end":{"line":300,"column":31}},"102":{"start":{"line":303,"column":12},"end":{"line":311,"column":13}},"103":{"start":{"line":304,"column":16},"end":{"line":304,"column":72}},"104":{"start":{"line":306,"column":16},"end":{"line":310,"column":17}},"105":{"start":{"line":307,"column":20},"end":{"line":307,"column":41}},"106":{"start":{"line":309,"column":20},"end":{"line":309,"column":48}},"107":{"start":{"line":312,"column":12},"end":{"line":312,"column":48}},"108":{"start":{"line":314,"column":8},"end":{"line":316,"column":9}},"109":{"start":{"line":315,"column":12},"end":{"line":315,"column":50}},"110":{"start":{"line":317,"column":8},"end":{"line":317,"column":38}},"111":{"start":{"line":319,"column":8},"end":{"line":327,"column":8}},"112":{"start":{"line":327,"column":8},"end":{"line":327,"column":49}},"113":{"start":{"line":328,"column":8},"end":{"line":328,"column":59}},"114":{"start":{"line":329,"column":8},"end":{"line":329,"column":53}},"115":{"start":{"line":338,"column":0},"end":{"line":347,"column":0}},"116":{"start":{"line":339,"column":4},"end":{"line":339,"column":32}},"117":{"start":{"line":339,"column":19},"end":{"line":339,"column":32}},"118":{"start":{"line":342,"column":4},"end":{"line":342,"column":35}},"119":{"start":{"line":347,"column":0},"end":{"line":353,"column":0}},"120":{"start":{"line":348,"column":4},"end":{"line":348,"column":48}},"121":{"start":{"line":353,"column":0},"end":{"line":368,"column":0}},"122":{"start":{"line":355,"column":4},"end":{"line":357,"column":5}},"123":{"start":{"line":356,"column":8},"end":{"line":356,"column":73}},"124":{"start":{"line":359,"column":4},"end":{"line":362,"column":0}},"125":{"start":{"line":360,"column":8},"end":{"line":361,"column":4}},"126":{"start":{"line":360,"column":41},"end":{"line":361,"column":4}},"127":{"start":{"line":368,"column":0},"end":{"line":368,"column":26}}},"branchMap":{"1":{"line":120,"type":"if","locations":[{"start":{"line":120,"column":4},"end":{"line":120,"column":4}},{"start":{"line":120,"column":4},"end":{"line":120,"column":4}}]},"2":{"line":140,"type":"if","locations":[{"start":{"line":140,"column":8},"end":{"line":140,"column":8}},{"start":{"line":140,"column":8},"end":{"line":140,"column":8}}]},"3":{"line":143,"type":"if","locations":[{"start":{"line":143,"column":12},"end":{"line":143,"column":12}},{"start":{"line":143,"column":12},"end":{"line":143,"column":12}}]},"4":{"line":144,"type":"if","locations":[{"start":{"line":144,"column":12},"end":{"line":144,"column":12}},{"start":{"line":144,"column":12},"end":{"line":144,"column":12}}]},"5":{"line":146,"type":"if","locations":[{"start":{"line":146,"column":12},"end":{"line":146,"column":12}},{"start":{"line":146,"column":12},"end":{"line":146,"column":12}}]},"6":{"line":158,"type":"if","locations":[{"start":{"line":158,"column":4},"end":{"line":158,"column":4}},{"start":{"line":158,"column":4},"end":{"line":158,"column":4}}]},"7":{"line":211,"type":"if","locations":[{"start":{"line":211,"column":8},"end":{"line":211,"column":8}},{"start":{"line":211,"column":8},"end":{"line":211,"column":8}}]},"8":{"line":250,"type":"if","locations":[{"start":{"line":250,"column":12},"end":{"line":250,"column":12}},{"start":{"line":250,"column":12},"end":{"line":250,"column":12}}]},"9":{"line":254,"type":"if","locations":[{"start":{"line":254,"column":8},"end":{"line":254,"column":8}},{"start":{"line":254,"column":8},"end":{"line":254,"column":8}}]},"10":{"line":282,"type":"if","locations":[{"start":{"line":282,"column":12},"end":{"line":282,"column":12}},{"start":{"line":282,"column":12},"end":{"line":282,"column":12}}]},"11":{"line":283,"type":"if","locations":[{"start":{"line":283,"column":12},"end":{"line":283,"column":12}},{"start":{"line":283,"column":12},"end":{"line":283,"column":12}}]},"12":{"line":299,"type":"if","locations":[{"start":{"line":299,"column":8},"end":{"line":299,"column":8}},{"start":{"line":299,"column":8},"end":{"line":299,"column":8}}]},"13":{"line":303,"type":"if","locations":[{"start":{"line":303,"column":12},"end":{"line":303,"column":12}},{"start":{"line":303,"column":12},"end":{"line":303,"column":12}}]},"14":{"line":306,"type":"if","locations":[{"start":{"line":306,"column":16},"end":{"line":306,"column":16}},{"start":{"line":306,"column":16},"end":{"line":306,"column":16}}]},"15":{"line":314,"type":"if","locations":[{"start":{"line":314,"column":8},"end":{"line":314,"column":8}},{"start":{"line":314,"column":8},"end":{"line":314,"column":8}}]},"16":{"line":339,"type":"if","locations":[{"start":{"line":339,"column":4},"end":{"line":339,"column":4}},{"start":{"line":339,"column":4},"end":{"line":339,"column":4}}]},"17":{"line":348,"type":"binary-expr","locations":[{"start":{"line":348,"column":11},"end":{"line":348,"column":32}},{"start":{"line":348,"column":36},"end":{"line":348,"column":47}}]},"18":{"line":355,"type":"if","locations":[{"start":{"line":355,"column":4},"end":{"line":355,"column":4}},{"start":{"line":355,"column":4},"end":{"line":355,"column":4}}]},"19":{"line":360,"type":"if","locations":[{"start":{"line":360,"column":8},"end":{"line":360,"column":8}},{"start":{"line":360,"column":8},"end":{"line":360,"column":8}}]}}},"C:\\Windows\\WinRg\\web\\smart-css\\src\\core\\StyleClass.js":{"path":"C:\\Windows\\WinRg\\web\\smart-css\\src\\core\\StyleClass.js","s":{"1":1,"2":1,"3":24,"4":24,"5":24,"6":24,"7":24,"8":24,"9":1,"10":1,"11":19,"12":19,"13":19,"14":19,"15":1},"b":{},"f":{"1":24,"2":1,"3":19,"4":19,"5":19,"6":19},"fnMap":{"1":{"name":"(anonymous_1)","line":9,"loc":{"start":{"line":9,"column":17},"end":{"line":9,"column":34}}},"2":{"name":"(anonymous_2)","line":34,"loc":{"start":{"line":34,"column":18},"end":{"line":34,"column":28}}},"3":{"name":"(anonymous_3)","line":40,"loc":{"start":{"line":40,"column":17},"end":{"line":40,"column":27}}},"4":{"name":"(anonymous_4)","line":46,"loc":{"start":{"line":46,"column":23},"end":{"line":46,"column":33}}},"5":{"name":"(anonymous_5)","line":52,"loc":{"start":{"line":52,"column":14},"end":{"line":52,"column":24}}},"6":{"name":"(anonymous_6)","line":62,"loc":{"start":{"line":62,"column":17},"end":{"line":62,"column":27}}}},"statementMap":{"1":{"start":{"line":1,"column":0},"end":{"line":1,"column":26}},"2":{"start":{"line":9,"column":0},"end":{"line":29,"column":0}},"3":{"start":{"line":10,"column":4},"end":{"line":17,"column":16}},"4":{"start":{"line":18,"column":4},"end":{"line":18,"column":46}},"5":{"start":{"line":19,"column":4},"end":{"line":19,"column":45}},"6":{"start":{"line":20,"column":4},"end":{"line":20,"column":42}},"7":{"start":{"line":21,"column":4},"end":{"line":21,"column":51}},"8":{"start":{"line":22,"column":4},"end":{"line":22,"column":45}},"9":{"start":{"line":29,"column":0},"end":{"line":74,"column":0}},"10":{"start":{"line":35,"column":8},"end":{"line":35,"column":32}},"11":{"start":{"line":41,"column":8},"end":{"line":41,"column":31}},"12":{"start":{"line":47,"column":8},"end":{"line":47,"column":37}},"13":{"start":{"line":53,"column":8},"end":{"line":53,"column":28}},"14":{"start":{"line":63,"column":8},"end":{"line":63,"column":31}},"15":{"start":{"line":74,"column":0},"end":{"line":74,"column":28}}},"branchMap":{}}}