TN:
SF:C:\Windows\WinRg\web\smart-css\src\core\SmartCSS.js
FN:21,(anonymous_1)
FN:46,(anonymous_2)
FN:56,(anonymous_3)
FN:65,(anonymous_4)
FN:74,(anonymous_5)
FN:91,(anonymous_6)
FN:116,(anonymous_7)
FN:118,(anonymous_8)
FN:137,(anonymous_9)
FN:152,(anonymous_10)
FNF:10
FNH:4
FNDA:2,(anonymous_1)
FNDA:0,(anonymous_2)
FNDA:0,(anonymous_3)
FNDA:0,(anonymous_4)
FNDA:2,(anonymous_5)
FNDA:2,(anonymous_6)
FNDA:0,(anonymous_7)
FNDA:0,(anonymous_8)
FNDA:0,(anonymous_9)
FNDA:2,(anonymous_10)
DA:1,1
DA:2,1
DA:3,1
DA:4,1
DA:21,1
DA:22,2
DA:26,2
DA:34,2
DA:46,1
DA:47,0
DA:56,1
DA:57,0
DA:65,1
DA:66,0
DA:74,1
DA:75,2
DA:82,1
DA:93,2
DA:94,0
DA:95,0
DA:97,2
DA:117,0
DA:118,0
DA:119,0
DA:120,0
DA:123,0
DA:124,0
DA:126,0
DA:138,0
DA:153,2
DA:154,2
DA:155,2
DA:156,1
DA:157,1
DA:158,1
DA:160,1
DA:163,2
DA:164,2
DA:175,1
LF:39
LH:26
BRDA:93,1,0,0
BRDA:93,1,1,2
BRDA:119,2,0,0
BRDA:119,2,1,0
BRDA:123,3,0,0
BRDA:123,3,1,0
BRDA:153,4,0,2
BRDA:153,4,1,2
BRDA:154,5,0,2
BRDA:154,5,1,0
BRDA:155,6,0,1
BRDA:155,6,1,1
BRDA:157,7,0,1
BRDA:157,7,1,0
BRF:14
BRH:7
end_of_record
TN:
SF:C:\Windows\WinRg\web\smart-css\src\RCSSPatches.js
FN:1,(anonymous_1)
FN:4,(anonymous_2)
FNF:2
FNH:2
FNDA:1,(anonymous_1)
FNDA:2,(anonymous_2)
DA:1,1
DA:2,1
DA:3,1
DA:4,1
DA:5,2
DA:6,2
DA:7,2
DA:8,2
DA:10,2
DA:11,1
DA:13,1
DA:15,2
DA:16,0
DA:18,2
DA:20,0
DA:22,2
DA:26,2
DA:63,1
LF:18
LH:16
BRDA:5,1,0,2
BRDA:5,1,1,0
BRDA:7,2,0,2
BRDA:7,2,1,0
BRDA:10,3,0,1
BRDA:10,3,1,1
BRDA:15,4,0,0
BRDA:15,4,1,2
BRF:8
BRH:5
end_of_record
