TN:
SF:C:\Windows\WinRg\web\smart-css\src\core\SmartCSS.js
FN:30,(anonymous_1)
FN:68,(anonymous_2)
FN:82,(anonymous_3)
FN:91,(anonymous_4)
FN:103,(anonymous_5)
FN:114,(anonymous_6)
FN:117,(anonymous_7)
FN:148,(anonymous_8)
FN:159,(anonymous_9)
FN:166,(anonymous_10)
FN:186,(anonymous_11)
FN:188,(anonymous_12)
FN:211,(anonymous_13)
FN:217,(anonymous_14)
FN:270,(anonymous_15)
FN:273,(anonymous_16)
FN:285,(anonymous_17)
FN:294,(anonymous_18)
FN:300,(anonymous_19)
FN:306,(anonymous_20)
FN:313,(anonymous_21)
FN:335,(anonymous_22)
FN:337,(anonymous_23)
FN:341,(anonymous_24)
FN:344,(anonymous_25)
FN:358,(anonymous_26)
FN:368,(anonymous_27)
FN:380,(anonymous_28)
FNF:28
FNH:27
FNDA:22,(anonymous_1)
FNDA:22,(anonymous_2)
FNDA:24,(anonymous_3)
FNDA:0,(anonymous_4)
FNDA:22,(anonymous_5)
FNDA:17,(anonymous_6)
FNDA:17,(anonymous_7)
FNDA:31,(anonymous_8)
FNDA:17,(anonymous_9)
FNDA:17,(anonymous_10)
FNDA:3,(anonymous_11)
FNDA:7,(anonymous_12)
FNDA:28,(anonymous_13)
FNDA:27,(anonymous_14)
FNDA:17,(anonymous_15)
FNDA:19,(anonymous_16)
FNDA:25,(anonymous_17)
FNDA:24,(anonymous_18)
FNDA:28,(anonymous_19)
FNDA:29,(anonymous_20)
FNDA:19,(anonymous_21)
FNDA:19,(anonymous_22)
FNDA:20,(anonymous_23)
FNDA:20,(anonymous_24)
FNDA:5,(anonymous_25)
FNDA:21,(anonymous_26)
FNDA:21,(anonymous_27)
FNDA:21,(anonymous_28)
DA:1,1
DA:2,1
DA:3,1
DA:4,1
DA:5,1
DA:30,1
DA:31,22
DA:35,22
DA:43,22
DA:45,22
DA:46,22
DA:55,1
DA:68,1
DA:69,22
DA:82,1
DA:83,24
DA:91,1
DA:92,0
DA:93,0
DA:94,0
DA:103,1
DA:104,22
DA:105,22
DA:114,1
DA:115,17
DA:116,17
DA:117,17
DA:118,17
DA:120,17
DA:127,1
DA:150,31
DA:151,1
DA:152,1
DA:154,30
DA:161,17
DA:167,17
DA:187,3
DA:188,3
DA:189,7
DA:190,6
DA:193,3
DA:194,1
DA:196,2
DA:212,28
DA:213,28
DA:214,26
DA:217,26
DA:220,27
DA:221,27
DA:222,2
DA:223,1
DA:226,25
DA:227,25
DA:228,25
DA:229,25
DA:231,25
DA:237,25
DA:238,24
DA:241,24
DA:242,1
DA:244,23
DA:245,22
DA:247,1
DA:250,24
DA:252,25
DA:253,1
DA:255,24
DA:257,24
DA:263,24
DA:264,24
DA:265,24
DA:271,17
DA:272,17
DA:273,17
DA:274,19
DA:276,17
DA:285,1
DA:286,25
DA:289,24
DA:294,1
DA:295,24
DA:300,1
DA:302,28
DA:303,1
DA:306,27
DA:307,29
DA:313,1
DA:314,19
DA:315,19
DA:316,19
DA:317,21
DA:319,19
DA:320,19
DA:321,19
DA:322,19
DA:323,1
DA:325,19
DA:335,1
DA:336,19
DA:337,19
DA:338,20
DA:341,19
DA:342,20
DA:343,20
DA:344,20
DA:345,5
DA:346,5
DA:347,5
DA:348,5
DA:349,1
DA:353,19
DA:358,1
DA:359,21
DA:360,21
DA:361,21
DA:366,1
DA:367,1
DA:368,1
DA:373,21
DA:380,1
DA:381,21
DA:390,1
LF:122
LH:119
BRDA:150,1,0,1
BRDA:150,1,1,30
BRDA:189,2,0,6
BRDA:189,2,1,1
BRDA:193,3,0,1
BRDA:193,3,1,2
BRDA:221,4,0,25
BRDA:221,4,1,2
BRDA:222,5,0,1
BRDA:222,5,1,1
BRDA:237,6,0,24
BRDA:237,6,1,1
BRDA:241,7,0,1
BRDA:241,7,1,23
BRDA:244,8,0,22
BRDA:244,8,1,1
BRDA:252,9,0,1
BRDA:252,9,1,24
BRDA:286,10,0,1
BRDA:286,10,1,24
BRDA:295,11,0,24
BRDA:295,11,1,0
BRDA:302,12,0,1
BRDA:302,12,1,27
BRDA:307,13,0,1
BRDA:307,13,1,28
BRDA:322,14,0,1
BRDA:322,14,1,18
BRDA:342,15,0,1
BRDA:342,15,1,19
BRDA:345,16,0,4
BRDA:345,16,1,1
BRDA:346,17,0,1
BRDA:346,17,1,4
BRDA:348,18,0,1
BRDA:348,18,1,4
BRDA:360,19,0,1
BRDA:360,19,1,20
BRF:38
BRH:37
end_of_record
TN:
SF:C:\Windows\WinRg\web\smart-css\src\core\StyleClass.js
FN:9,(anonymous_1)
FN:31,(anonymous_2)
FN:37,(anonymous_3)
FN:43,(anonymous_4)
FN:49,(anonymous_5)
FNF:5
FNH:5
FNDA:24,(anonymous_1)
FNDA:1,(anonymous_2)
FNDA:19,(anonymous_3)
FNDA:19,(anonymous_4)
FNDA:19,(anonymous_5)
DA:1,1
DA:9,1
DA:10,24
DA:16,24
DA:17,24
DA:18,24
DA:19,24
DA:26,1
DA:32,1
DA:38,19
DA:44,19
DA:50,19
DA:61,1
LF:13
LH:13
BRF:0
BRH:0
end_of_record
